Java HotSpot(TM) 64-Bit Server VM warning: Ignoring option MaxPermSize; support was removed in 8.0
[INFO] Scanning for projects...
[WARNING] 
[WARNING] Some problems were encountered while building the effective model for br.brazona:config-server:jar:0.0.1-SNAPSHOT
[WARNING] 'parent.relativePath' of POM br.brazona:app-api:0.0.1-SNAPSHOT (D:\workspace\brazona\projects\business-administration-games\app\app-api\pom.xml) points at org.springframework.boot:app instead of br.brazona:app, please verify your project structure @ br.brazona:app-api:0.0.1-SNAPSHOT, D:\workspace\brazona\projects\business-administration-games\app\app-api\pom.xml, line 5, column 10
[WARNING] 
[WARNING] It is highly recommended to fix these problems because they threaten the stability of your build.
[WARNING] 
[WARNING] For this reason, future Maven versions might no longer support building such malformed projects.
[WARNING] 
[INFO] 
[INFO] ----------------------< br.brazona:config-server >----------------------
[INFO] Building config-server 0.0.1-SNAPSHOT
[INFO] --------------------------------[ jar ]---------------------------------
[INFO] 
[INFO] >>> spring-boot-maven-plugin:2.3.4.RELEASE:run (default-cli) > test-compile @ config-server >>>
[INFO] 
[INFO] --- maven-resources-plugin:3.1.0:resources (default-resources) @ config-server ---
[INFO] Using 'UTF-8' encoding to copy filtered resources.
[INFO] Copying 1 resource
[INFO] Copying 5 resources
[INFO] 
[INFO] --- maven-compiler-plugin:3.8.1:compile (default-compile) @ config-server ---
[INFO] Nothing to compile - all classes are up to date
[INFO] 
[INFO] --- maven-resources-plugin:3.1.0:testResources (default-testResources) @ config-server ---
[INFO] Using 'UTF-8' encoding to copy filtered resources.
[INFO] skip non existing resourceDirectory D:\workspace\brazona\projects\business-administration-games\app\app-api\config-server\src\test\resources
[INFO] 
[INFO] --- maven-compiler-plugin:3.8.1:testCompile (default-testCompile) @ config-server ---
[INFO] No sources to compile
[INFO] 
[INFO] <<< spring-boot-maven-plugin:2.3.4.RELEASE:run (default-cli) < test-compile @ config-server <<<
[INFO] 
[INFO] 
[INFO] --- spring-boot-maven-plugin:2.3.4.RELEASE:run (default-cli) @ config-server ---
[INFO] Attaching agents: []

  .   ____          _            __ _ _
 /\\ / ___'_ __ _ _(_)_ __  __ _ \ \ \ \
( ( )\___ | '_ | '_| | '_ \/ _` | \ \ \ \
 \\/  ___)| |_)| | | | | || (_| |  ) ) ) )
  '  |____| .__|_| |_|_| |_\__, | / / / /
 =========|_|==============|___/=/_/_/_/
 :: Spring Boot ::        (v2.3.4.RELEASE)

2024-04-20 22:11:05.556  INFO 3804 --- [           main] b.b.b.c.ConfigServerApplication          : The following profiles are active: native
2024-04-20 22:11:06.384  INFO 3804 --- [           main] o.s.cloud.context.scope.GenericScope     : BeanFactory id=4c52252a-cb74-3f9d-98a1-6d82d6f681f7
2024-04-20 22:11:07.131  INFO 3804 --- [           main] o.s.b.w.embedded.tomcat.TomcatWebServer  : Tomcat initialized with port(s): 8888 (http)
2024-04-20 22:11:07.142  INFO 3804 --- [           main] o.apache.catalina.core.StandardService   : Starting service [Tomcat]
2024-04-20 22:11:07.143  INFO 3804 --- [           main] org.apache.catalina.core.StandardEngine  : Starting Servlet engine: [Apache Tomcat/9.0.38]
2024-04-20 22:11:07.365  INFO 3804 --- [           main] o.a.c.c.C.[Tomcat].[localhost].[/]       : Initializing Spring embedded WebApplicationContext
2024-04-20 22:11:07.365  INFO 3804 --- [           main] w.s.c.ServletWebServerApplicationContext : Root WebApplicationContext: initialization completed in 1778 ms
2024-04-20 22:11:07.611  INFO 3804 --- [           main] o.s.s.concurrent.ThreadPoolTaskExecutor  : Initializing ExecutorService 'applicationTaskExecutor'
2024-04-20 22:11:07.982  INFO 3804 --- [           main] o.s.s.web.DefaultSecurityFilterChain     : Creating filter chain: any request, [org.springframework.security.web.context.request.async.WebAsyncManagerIntegrationFilter@5d878b25, org.springframework.security.web.context.SecurityContextPersistenceFilter@52454457, org.springframework.security.web.header.HeaderWriterFilter@3c232051, org.springframework.security.web.csrf.CsrfFilter@12f279b5, org.springframework.security.web.authentication.logout.LogoutFilter@39941489, org.springframework.security.web.authentication.UsernamePasswordAuthenticationFilter@4342c13, org.springframework.security.web.authentication.ui.DefaultLoginPageGeneratingFilter@38f981b6, org.springframework.security.web.authentication.ui.DefaultLogoutPageGeneratingFilter@28279a49, org.springframework.security.web.authentication.www.BasicAuthenticationFilter@157d3a45, org.springframework.security.web.savedrequest.RequestCacheAwareFilter@61ff6a49, org.springframework.security.web.servletapi.SecurityContextHolderAwareRequestFilter@535a518c, org.springframework.security.web.authentication.AnonymousAuthenticationFilter@384fda47, org.springframework.security.web.session.SessionManagementFilter@3ab35b9c, org.springframework.security.web.access.ExceptionTranslationFilter@2251b3bc, org.springframework.security.web.access.intercept.FilterSecurityInterceptor@5d318e91]
2024-04-20 22:11:08.798  INFO 3804 --- [           main] o.s.b.w.embedded.tomcat.TomcatWebServer  : Tomcat started on port(s): 8888 (http) with context path ''
2024-04-20 22:11:09.329  INFO 3804 --- [           main] b.b.b.c.ConfigServerApplication          : Started ConfigServerApplication in 6.017 seconds (JVM running for 6.88)
2024-04-20 22:11:47.004  INFO 3804 --- [extShutdownHook] o.s.s.concurrent.ThreadPoolTaskExecutor  : Shutting down ExecutorService 'applicationTaskExecutor'
[INFO] ------------------------------------------------------------------------
[INFO] BUILD SUCCESS
[INFO] ------------------------------------------------------------------------
[INFO] Total time:  48.979 s
[INFO] Finished at: 2024-04-20T22:11:47-03:00
[INFO] ------------------------------------------------------------------------
